{"uid":"b453bada6571f6ef","name":"test_first","fullName":"tests.test_cases.TestCases#test_first","historyId":"0eea56aefad91b49936cc3fef136addd","time":{"start":1679069391920,"stop":1679069397654,"duration":5734},"status":"failed","statusMessage":"AssertionError: Locator expected to contain text 'Enter Account Information'\nActual value: Login to your account \nCall log:\nLocatorAssertions.to_contain_text with timeout 5000ms\nwaiting for locator(\"[class =\\\"login-form\\\"]>h2:first-child\")\n  locator resolved to <h2>Login to your account</h2>\n  unexpected value \"Login to your account\"\nwaiting for locator(\"[class =\\\"login-form\\\"]>h2:first-child\")\n  locator resolved to <h2>Login to your account</h2>\n  unexpected value \"Login to your account\"\n  locator resolved to <h2>Login to your account</h2>\n  unexpected value \"Login to your account\"\n  locator resolved to <h2>Login to your account</h2>\n  unexpected value \"Login to your account\"\n  locator resolved to <h2>Login to your account</h2>\n  unexpected value \"Login to your account\"\n  locator resolved to <h2>Login to your account</h2>\n  unexpected value \"Login to your account\"\n  locator resolved to <h2>Login to your account</h2>\n  unexpected value \"Login to your account\"\n  locator resolved to <h2>Login to your account</h2>\n  unexpected value \"Login to your account\"\n  locator resolved to <h2>Login to your account</h2>\n  unexpected value \"Login to your account\"","statusTrace":"self = <tests.test_cases.TestCases object at 0x7f8369c11ae0>, test_setup = None\n\n    def test_first(self, test_setup):\n        self.main.check_page_is_visible()\n        self.main.click_login_btn()\n        self.login.check_new_user_is_visible()\n        self.login.fill_name(Data.username)\n        self.login.fill_signup_email(Data.signup_email)\n        self.login.click_sign_up_btn()\n>       self.signup.check_enter_information_is_visible()\n\ntests/test_cases.py:42: \n_ _ _ _ _ _ _ _ _ _ _ _ _ _ _ _ _ _ _ _ _ _ _ _ _ _ _ _ _ _ _ _ _ _ _ _ _ _ _ _ \n\nself = <pages.signup_page.SignUp object at 0x7f8369beb6d0>\n\n    def check_enter_information_is_visible(self) -> None:\n        self.__enter_information_text.wait_for(state='visible')\n>       expect(self.__enter_information_text).to_contain_text('Enter Account Information')\nE       AssertionError: Locator expected to contain text 'Enter Account Information'\nE       Actual value: Login to your account \nE       Call log:\nE       LocatorAssertions.to_contain_text with timeout 5000ms\nE       waiting for locator(\"[class =\\\"login-form\\\"]>h2:first-child\")\nE         locator resolved to <h2>Login to your account</h2>\nE         unexpected value \"Login to your account\"\nE       waiting for locator(\"[class =\\\"login-form\\\"]>h2:first-child\")\nE         locator resolved to <h2>Login to your account</h2>\nE         unexpected value \"Login to your account\"\nE         locator resolved to <h2>Login to your account</h2>\nE         unexpected value \"Login to your account\"\nE         locator resolved to <h2>Login to your account</h2>\nE         unexpected value \"Login to your account\"\nE         locator resolved to <h2>Login to your account</h2>\nE         unexpected value \"Login to your account\"\nE         locator resolved to <h2>Login to your account</h2>\nE         unexpected value \"Login to your account\"\nE         locator resolved to <h2>Login to your account</h2>\nE         unexpected value \"Login to your account\"\nE         locator resolved to <h2>Login to your account</h2>\nE         unexpected value \"Login to your account\"\nE         locator resolved to <h2>Login to your account</h2>\nE         unexpected value \"Login to your account\"\n\npages/signup_page.py:29: AssertionError","flaky":false,"newFailed":false,"newBroken":false,"newPassed":false,"retriesCount":0,"retriesStatusChange":false,"beforeStages":[{"name":"delete_output_dir","time":{"start":1679069387849,"stop":1679069387849,"duration":0},"status":"passed","steps":[],"attachments":[],"parameters":[],"stepsCount":0,"attachmentsCount":0,"shouldDisplayMessage":false,"hasContent":false},{"name":"pytestconfig","time":{"start":1679069387849,"stop":1679069387849,"duration":0},"status":"passed","steps":[],"attachments":[],"parameters":[],"stepsCount":0,"attachmentsCount":0,"shouldDisplayMessage":false,"hasContent":false},{"name":"base_url","time":{"start":1679069387849,"stop":1679069387849,"duration":0},"status":"passed","steps":[],"attachments":[],"parameters":[],"stepsCount":0,"attachmentsCount":0,"shouldDisplayMessage":false,"hasContent":false},{"name":"_verify_url","time":{"start":1679069387849,"stop":1679069387849,"duration":0},"status":"passed","steps":[],"attachments":[],"parameters":[],"stepsCount":0,"attachmentsCount":0,"shouldDisplayMessage":false,"hasContent":false},{"name":"playwright","time":{"start":1679069387849,"stop":1679069388133,"duration":284},"status":"passed","steps":[],"attachments":[],"parameters":[],"stepsCount":0,"attachmentsCount":0,"shouldDisplayMessage":false,"hasContent":false},{"name":"new_page","time":{"start":1679069388133,"stop":1679069391918,"duration":3785},"status":"passed","steps":[],"attachments":[],"parameters":[],"stepsCount":0,"attachmentsCount":0,"shouldDisplayMessage":false,"hasContent":false},{"name":"test_setup","time":{"start":1679069391918,"stop":1679069391919,"duration":1},"status":"passed","steps":[],"attachments":[],"parameters":[],"stepsCount":0,"attachmentsCount":0,"shouldDisplayMessage":false,"hasContent":false}],"afterStages":[{"name":"new_page::0","time":{"start":1679069397674,"stop":1679069397726,"duration":52},"status":"passed","steps":[],"attachments":[],"parameters":[],"stepsCount":0,"attachmentsCount":0,"shouldDisplayMessage":false,"hasContent":false},{"name":"playwright::0","time":{"start":1679069643738,"stop":1679069643749,"duration":11},"status":"passed","steps":[],"attachments":[],"parameters":[],"stepsCount":0,"attachmentsCount":0,"shouldDisplayMessage":false,"hasContent":false}],"labels":[{"name":"parentSuite","value":"tests"},{"name":"suite","value":"test_cases"},{"name":"subSuite","value":"TestCases"},{"name":"host","value":"fv-az1030-151"},{"name":"thread","value":"2642-MainThread"},{"name":"framework","value":"pytest"},{"name":"language","value":"cpython3"},{"name":"package","value":"tests.test_cases"},{"name":"resultFormat","value":"allure2"}],"parameters":[],"links":[],"hidden":false,"retry":false,"extra":{"severity":"normal","retries":[],"categories":[{"name":"Product defects","matchedStatuses":[],"flaky":false}],"tags":[]},"source":"b453bada6571f6ef.json","parameterValues":[]}